# JRE version: OpenJDK Runtime Environment (21.0.4) (build 21.0.4+-12508038-b607.1)
# Java VM: OpenJDK 64-Bit Server VM (21.0.4+-12508038-b607.1, mixed mode, tiered, compressed oops, compressed class ptrs, g1 gc, windows-amd64)
GC Precious Log:
 CardTable entry size: 512
 Card Set container configuration: InlinePtr #cards 5 size 8 Array Of Cards #cards 12 size 40 Howl #buckets 4 coarsen threshold 1843 Howl Bitmap #cards 512 size 80 coarsen threshold 460 Card regions per heap region 1 cards per card region 2048
 CPUs: 12 total, 12 available
 Memory: 8013M
 Large Page Support: Disabled
 NUMA Support: Disabled
 Compressed Oops: Enabled (32-bit)
 Heap Region Size: 1M
 Heap Min Capacity: 8M
 Heap Initial Capacity: 126M
 Heap Max Capacity: 2G
 Pre-touch: Disabled
 Parallel Workers: 10
 Concurrent Workers: 3
 Concurrent Refinement Workers: 10
 Periodic GC: Disabled
Heap:
 garbage-first heap   total 253952K, used 134006K [0x0000000080000000, 0x0000000100000000)
  region size 1024K, 22 young (22528K), 15 survivors (15360K)
 Metaspace       used 134979K, committed 137280K, reserved 1179648K
  class space    used 18715K, committed 19840K, reserved 1048576K
GC Heap History (20 events):
Event: 8.869 GC heap before
{Heap before GC invocations=31 (full 0):
 garbage-first heap   total 177152K, used 157700K [0x0000000080000000, 0x0000000100000000)
  region size 1024K, 67 young (68608K), 6 survivors (6144K)
 Metaspace       used 105972K, committed 108096K, reserved 1179648K
  class space    used 14496K, committed 15552K, reserved 1048576K
}
Event: 8.876 GC heap after
{Heap after GC invocations=32 (full 0):
 garbage-first heap   total 177152K, used 100046K [0x0000000080000000, 0x0000000100000000)
  region size 1024K, 5 young (5120K), 5 survivors (5120K)
 Metaspace       used 105972K, committed 108096K, reserved 1179648K
  class space    used 14496K, committed 15552K, reserved 1048576K
}
Event: 9.219 GC heap before
{Heap before GC invocations=33 (full 0):
 garbage-first heap   total 177152K, used 162510K [0x0000000080000000, 0x0000000100000000)
  region size 1024K, 65 young (66560K), 5 survivors (5120K)
 Metaspace       used 111627K, committed 113792K, reserved 1179648K
  class space    used 15341K, committed 16448K, reserved 1048576K
}
Event: 9.227 GC heap after
{Heap after GC invocations=34 (full 0):
 garbage-first heap   total 177152K, used 107420K [0x0000000080000000, 0x0000000100000000)
  region size 1024K, 9 young (9216K), 9 survivors (9216K)
 Metaspace       used 111627K, committed 113792K, reserved 1179648K
  class space    used 15341K, committed 16448K, reserved 1048576K
}
Event: 9.438 GC heap before
{Heap before GC invocations=34 (full 0):
 garbage-first heap   total 177152K, used 156572K [0x0000000080000000, 0x0000000100000000)
  region size 1024K, 58 young (59392K), 9 survivors (9216K)
 Metaspace       used 118043K, committed 120192K, reserved 1179648K
  class space    used 16483K, committed 17600K, reserved 1048576K
}
Event: 9.447 GC heap after
{Heap after GC invocations=35 (full 0):
 garbage-first heap   total 177152K, used 109747K [0x0000000080000000, 0x0000000100000000)
  region size 1024K, 4 young (4096K), 4 survivors (4096K)
 Metaspace       used 118043K, committed 120192K, reserved 1179648K
  class space    used 16483K, committed 17600K, reserved 1048576K
}
Event: 9.638 GC heap before
{Heap before GC invocations=35 (full 0):
 garbage-first heap   total 177152K, used 159923K [0x0000000080000000, 0x0000000100000000)
  region size 1024K, 54 young (55296K), 4 survivors (4096K)
 Metaspace       used 121854K, committed 124096K, reserved 1179648K
  class space    used 17051K, committed 18176K, reserved 1048576K
}
Event: 9.642 GC heap after
{Heap after GC invocations=36 (full 0):
 garbage-first heap   total 219136K, used 110447K [0x0000000080000000, 0x0000000100000000)
  region size 1024K, 5 young (5120K), 5 survivors (5120K)
 Metaspace       used 121854K, committed 124096K, reserved 1179648K
  class space    used 17051K, committed 18176K, reserved 1048576K
}
Event: 10.253 GC heap before
{Heap before GC invocations=37 (full 0):
 garbage-first heap   total 219136K, used 199535K [0x0000000080000000, 0x0000000100000000)
  region size 1024K, 91 young (93184K), 5 survivors (5120K)
 Metaspace       used 127583K, committed 129792K, reserved 1179648K
  class space    used 17995K, committed 19072K, reserved 1048576K
}
Event: 10.258 GC heap after
{Heap after GC invocations=38 (full 0):
 garbage-first heap   total 219136K, used 110798K [0x0000000080000000, 0x0000000100000000)
  region size 1024K, 5 young (5120K), 5 survivors (5120K)
 Metaspace       used 127583K, committed 129792K, reserved 1179648K
  class space    used 17995K, committed 19072K, reserved 1048576K
}
Event: 79.556 GC heap before
{Heap before GC invocations=38 (full 0):
 garbage-first heap   total 219136K, used 217294K [0x0000000080000000, 0x0000000100000000)
  region size 1024K, 68 young (69632K), 5 survivors (5120K)
 Metaspace       used 130326K, committed 132544K, reserved 1179648K
  class space    used 18343K, committed 19456K, reserved 1048576K
}
Event: 79.563 GC heap after
{Heap after GC invocations=39 (full 0):
 garbage-first heap   total 229376K, used 112415K [0x0000000080000000, 0x0000000100000000)
  region size 1024K, 8 young (8192K), 8 survivors (8192K)
 Metaspace       used 130326K, committed 132544K, reserved 1179648K
  class space    used 18343K, committed 19456K, reserved 1048576K
}
Event: 79.911 GC heap before
{Heap before GC invocations=39 (full 0):
 garbage-first heap   total 229376K, used 156447K [0x0000000080000000, 0x0000000100000000)
  region size 1024K, 53 young (54272K), 8 survivors (8192K)
 Metaspace       used 130937K, committed 133184K, reserved 1179648K
  class space    used 18370K, committed 19520K, reserved 1048576K
}
Event: 79.920 GC heap after
{Heap after GC invocations=40 (full 0):
 garbage-first heap   total 229376K, used 118229K [0x0000000080000000, 0x0000000100000000)
  region size 1024K, 11 young (11264K), 11 survivors (11264K)
 Metaspace       used 130937K, committed 133184K, reserved 1179648K
  class space    used 18370K, committed 19520K, reserved 1048576K
}
Event: 80.547 GC heap before
{Heap before GC invocations=41 (full 0):
 garbage-first heap   total 229376K, used 227797K [0x0000000080000000, 0x0000000100000000)
  region size 1024K, 91 young (93184K), 11 survivors (11264K)
 Metaspace       used 134517K, committed 136768K, reserved 1179648K
  class space    used 18710K, committed 19840K, reserved 1048576K
}
Event: 80.555 GC heap after
{Heap after GC invocations=42 (full 0):
 garbage-first heap   total 242688K, used 119308K [0x0000000080000000, 0x0000000100000000)
  region size 1024K, 8 young (8192K), 8 survivors (8192K)
 Metaspace       used 134517K, committed 136768K, reserved 1179648K
  class space    used 18710K, committed 19840K, reserved 1048576K
}
Event: 117.905 GC heap before
{Heap before GC invocations=42 (full 0):
 garbage-first heap   total 242688K, used 240140K [0x0000000080000000, 0x0000000100000000)
  region size 1024K, 85 young (87040K), 8 survivors (8192K)
 Metaspace       used 134696K, committed 136896K, reserved 1179648K
  class space    used 18712K, committed 19840K, reserved 1048576K
}
Event: 117.913 GC heap after
{Heap after GC invocations=43 (full 0):
 garbage-first heap   total 253952K, used 117752K [0x0000000080000000, 0x0000000100000000)
  region size 1024K, 8 young (8192K), 8 survivors (8192K)
 Metaspace       used 134696K, committed 136896K, reserved 1179648K
  class space    used 18712K, committed 19840K, reserved 1048576K
}
Event: 118.241 GC heap before
{Heap before GC invocations=43 (full 0):
 garbage-first heap   total 253952K, used 173048K [0x0000000080000000, 0x0000000100000000)
  region size 1024K, 64 young (65536K), 8 survivors (8192K)
 Metaspace       used 134972K, committed 137280K, reserved 1179648K
  class space    used 18715K, committed 19840K, reserved 1048576K
}
Event: 118.252 GC heap after
{Heap after GC invocations=44 (full 0):
 garbage-first heap   total 253952K, used 124790K [0x0000000080000000, 0x0000000100000000)
  region size 1024K, 15 young (15360K), 15 survivors (15360K)
 Metaspace       used 134972K, committed 137280K, reserved 1179648K
  class space    used 18715K, committed 19840K, reserved 1048576K
}

