# JRE version: OpenJDK Runtime Environment (21.0.4) (build 21.0.4+-12508038-b607.1)
# Java VM: OpenJDK 64-Bit Server VM (21.0.4+-12508038-b607.1, mixed mode, tiered, compressed oops, compressed class ptrs, g1 gc, windows-amd64)
GC Precious Log:
 CardTable entry size: 512
 Card Set container configuration: InlinePtr #cards 5 size 8 Array Of Cards #cards 12 size 40 Howl #buckets 4 coarsen threshold 1843 Howl Bitmap #cards 512 size 80 coarsen threshold 460 Card regions per heap region 1 cards per card region 2048
 CPUs: 12 total, 12 available
 Memory: 8013M
 Large Page Support: Disabled
 NUMA Support: Disabled
 Compressed Oops: Enabled (32-bit)
 Heap Region Size: 1M
 Heap Min Capacity: 8M
 Heap Initial Capacity: 126M
 Heap Max Capacity: 2G
 Pre-touch: Disabled
 Parallel Workers: 10
 Concurrent Workers: 3
 Concurrent Refinement Workers: 10
 Periodic GC: Disabled
Heap:
 garbage-first heap   total 322560K, used 245311K [0x0000000080000000, 0x0000000100000000)
  region size 1024K, 76 young (77824K), 16 survivors (16384K)
 Metaspace       used 145629K, committed 148032K, reserved 1179648K
  class space    used 20059K, committed 21312K, reserved 1048576K
GC Heap History (20 events):
Event: 149.345 GC heap before
{Heap before GC invocations=44 (full 0):
 garbage-first heap   total 235520K, used 210364K [0x0000000080000000, 0x0000000100000000)
  region size 1024K, 70 young (71680K), 2 survivors (2048K)
 Metaspace       used 114907K, committed 117120K, reserved 1179648K
  class space    used 15402K, committed 16512K, reserved 1048576K
}
Event: 149.358 GC heap after
{Heap after GC invocations=45 (full 0):
 garbage-first heap   total 238592K, used 146557K [0x0000000080000000, 0x0000000100000000)
  region size 1024K, 9 young (9216K), 9 survivors (9216K)
 Metaspace       used 114907K, committed 117120K, reserved 1179648K
  class space    used 15402K, committed 16512K, reserved 1048576K
}
Event: 149.468 GC heap before
{Heap before GC invocations=45 (full 0):
 garbage-first heap   total 238592K, used 179325K [0x0000000080000000, 0x0000000100000000)
  region size 1024K, 42 young (43008K), 9 survivors (9216K)
 Metaspace       used 114952K, committed 117120K, reserved 1179648K
  class space    used 15403K, committed 16512K, reserved 1048576K
}
Event: 149.480 GC heap after
{Heap after GC invocations=46 (full 0):
 garbage-first heap   total 289792K, used 165127K [0x0000000080000000, 0x0000000100000000)
  region size 1024K, 9 young (9216K), 9 survivors (9216K)
 Metaspace       used 114952K, committed 117120K, reserved 1179648K
  class space    used 15403K, committed 16512K, reserved 1048576K
}
Event: 150.444 GC heap before
{Heap before GC invocations=47 (full 0):
 garbage-first heap   total 306176K, used 241927K [0x0000000080000000, 0x0000000100000000)
  region size 1024K, 68 young (69632K), 9 survivors (9216K)
 Metaspace       used 115240K, committed 117504K, reserved 1179648K
  class space    used 15426K, committed 16576K, reserved 1048576K
}
Event: 150.452 GC heap after
{Heap after GC invocations=48 (full 0):
 garbage-first heap   total 306176K, used 163267K [0x0000000080000000, 0x0000000100000000)
  region size 1024K, 5 young (5120K), 5 survivors (5120K)
 Metaspace       used 115240K, committed 117504K, reserved 1179648K
  class space    used 15426K, committed 16576K, reserved 1048576K
}
Event: 151.025 GC heap before
{Heap before GC invocations=48 (full 0):
 garbage-first heap   total 306176K, used 243139K [0x0000000080000000, 0x0000000100000000)
  region size 1024K, 80 young (81920K), 5 survivors (5120K)
 Metaspace       used 122441K, committed 124672K, reserved 1179648K
  class space    used 16386K, committed 17472K, reserved 1048576K
}
Event: 151.037 GC heap after
{Heap after GC invocations=49 (full 0):
 garbage-first heap   total 306176K, used 158927K [0x0000000080000000, 0x0000000100000000)
  region size 1024K, 10 young (10240K), 10 survivors (10240K)
 Metaspace       used 122441K, committed 124672K, reserved 1179648K
  class space    used 16386K, committed 17472K, reserved 1048576K
}
Event: 151.078 GC heap before
{Heap before GC invocations=49 (full 0):
 garbage-first heap   total 306176K, used 161999K [0x0000000080000000, 0x0000000100000000)
  region size 1024K, 14 young (14336K), 10 survivors (10240K)
 Metaspace       used 123334K, committed 125568K, reserved 1179648K
  class space    used 16472K, committed 17600K, reserved 1048576K
}
Event: 151.085 GC heap after
{Heap after GC invocations=50 (full 0):
 garbage-first heap   total 306176K, used 161232K [0x0000000080000000, 0x0000000100000000)
  region size 1024K, 2 young (2048K), 2 survivors (2048K)
 Metaspace       used 123334K, committed 125568K, reserved 1179648K
  class space    used 16472K, committed 17600K, reserved 1048576K
}
Event: 151.982 GC heap before
{Heap before GC invocations=51 (full 0):
 garbage-first heap   total 306176K, used 262608K [0x0000000080000000, 0x0000000100000000)
  region size 1024K, 102 young (104448K), 2 survivors (2048K)
 Metaspace       used 129120K, committed 131520K, reserved 1179648K
  class space    used 17275K, committed 18496K, reserved 1048576K
}
Event: 151.988 GC heap after
{Heap after GC invocations=52 (full 0):
 garbage-first heap   total 306176K, used 165003K [0x0000000080000000, 0x0000000100000000)
  region size 1024K, 10 young (10240K), 10 survivors (10240K)
 Metaspace       used 129120K, committed 131520K, reserved 1179648K
  class space    used 17275K, committed 18496K, reserved 1048576K
}
Event: 152.541 GC heap before
{Heap before GC invocations=52 (full 0):
 garbage-first heap   total 306176K, used 255115K [0x0000000080000000, 0x0000000100000000)
  region size 1024K, 99 young (101376K), 10 survivors (10240K)
 Metaspace       used 139313K, committed 141696K, reserved 1179648K
  class space    used 18995K, committed 20224K, reserved 1048576K
}
Event: 152.556 GC heap after
{Heap after GC invocations=53 (full 0):
 garbage-first heap   total 306176K, used 154519K [0x0000000080000000, 0x0000000100000000)
  region size 1024K, 11 young (11264K), 11 survivors (11264K)
 Metaspace       used 139313K, committed 141696K, reserved 1179648K
  class space    used 18995K, committed 20224K, reserved 1048576K
}
Event: 153.036 GC heap before
{Heap before GC invocations=53 (full 0):
 garbage-first heap   total 306176K, used 259991K [0x0000000080000000, 0x0000000100000000)
  region size 1024K, 114 young (116736K), 11 survivors (11264K)
 Metaspace       used 145604K, committed 148032K, reserved 1179648K
  class space    used 20089K, committed 21312K, reserved 1048576K
}
Event: 153.046 GC heap after
{Heap after GC invocations=54 (full 0):
 garbage-first heap   total 306176K, used 155913K [0x0000000080000000, 0x0000000100000000)
  region size 1024K, 8 young (8192K), 8 survivors (8192K)
 Metaspace       used 145604K, committed 148032K, reserved 1179648K
  class space    used 20089K, committed 21312K, reserved 1048576K
}
Event: 153.057 GC heap before
{Heap before GC invocations=54 (full 0):
 garbage-first heap   total 306176K, used 156937K [0x0000000080000000, 0x0000000100000000)
  region size 1024K, 11 young (11264K), 8 survivors (8192K)
 Metaspace       used 145631K, committed 148096K, reserved 1179648K
  class space    used 20089K, committed 21312K, reserved 1048576K
}
Event: 153.061 GC heap after
{Heap after GC invocations=55 (full 0):
 garbage-first heap   total 306176K, used 156034K [0x0000000080000000, 0x0000000100000000)
  region size 1024K, 9 young (9216K), 9 survivors (9216K)
 Metaspace       used 145631K, committed 148096K, reserved 1179648K
  class space    used 20089K, committed 21312K, reserved 1048576K
}
Event: 171.336 GC heap before
{Heap before GC invocations=56 (full 0):
 garbage-first heap   total 306176K, used 303490K [0x0000000080000000, 0x0000000100000000)
  region size 1024K, 112 young (114688K), 9 survivors (9216K)
 Metaspace       used 145557K, committed 148032K, reserved 1179648K
  class space    used 20059K, committed 21312K, reserved 1048576K
}
Event: 171.347 GC heap after
{Heap after GC invocations=57 (full 0):
 garbage-first heap   total 322560K, used 160319K [0x0000000080000000, 0x0000000100000000)
  region size 1024K, 16 young (16384K), 16 survivors (16384K)
 Metaspace       used 145557K, committed 148032K, reserved 1179648K
  class space    used 20059K, committed 21312K, reserved 1048576K
}

