# JRE version: OpenJDK Runtime Environment (21.0.4) (build 21.0.4+-12508038-b607.1)
# Java VM: OpenJDK 64-Bit Server VM (21.0.4+-12508038-b607.1, mixed mode, tiered, compressed oops, compressed class ptrs, g1 gc, windows-amd64)
GC Precious Log:
 CardTable entry size: 512
 Card Set container configuration: InlinePtr #cards 5 size 8 Array Of Cards #cards 12 size 40 Howl #buckets 4 coarsen threshold 1843 Howl Bitmap #cards 512 size 80 coarsen threshold 460 Card regions per heap region 1 cards per card region 2048
 CPUs: 12 total, 12 available
 Memory: 8013M
 Large Page Support: Disabled
 NUMA Support: Disabled
 Compressed Oops: Enabled (32-bit)
 Heap Region Size: 1M
 Heap Min Capacity: 8M
 Heap Initial Capacity: 126M
 Heap Max Capacity: 2G
 Pre-touch: Disabled
 Parallel Workers: 10
 Concurrent Workers: 3
 Concurrent Refinement Workers: 10
 Periodic GC: Disabled
Heap:
 garbage-first heap   total 485376K, used 372312K [0x0000000080000000, 0x0000000100000000)
  region size 1024K, 150 young (153600K), 11 survivors (11264K)
 Metaspace       used 147804K, committed 150336K, reserved 1179648K
  class space    used 19436K, committed 21120K, reserved 1048576K
GC Heap History (20 events):
Event: 2447.962 GC heap before
{Heap before GC invocations=65 (full 0):
 garbage-first heap   total 445440K, used 180295K [0x0000000080000000, 0x0000000100000000)
  region size 1024K, 69 young (70656K), 11 survivors (11264K)
 Metaspace       used 147854K, committed 150272K, reserved 1179648K
  class space    used 19923K, committed 21120K, reserved 1048576K
}
Event: 2447.969 GC heap after
{Heap after GC invocations=66 (full 0):
 garbage-first heap   total 445440K, used 126352K [0x0000000080000000, 0x0000000100000000)
  region size 1024K, 14 young (14336K), 14 survivors (14336K)
 Metaspace       used 147854K, committed 150272K, reserved 1179648K
  class space    used 19923K, committed 21120K, reserved 1048576K
}
Event: 9351.706 GC heap before
{Heap before GC invocations=67 (full 0):
 garbage-first heap   total 445440K, used 423312K [0x0000000080000000, 0x0000000100000000)
  region size 1024K, 261 young (267264K), 14 survivors (14336K)
 Metaspace       used 145350K, committed 150272K, reserved 1179648K
  class space    used 19295K, committed 21120K, reserved 1048576K
}
Event: 9351.738 GC heap after
{Heap after GC invocations=68 (full 0):
 garbage-first heap   total 458752K, used 145366K [0x0000000080000000, 0x0000000100000000)
  region size 1024K, 33 young (33792K), 33 survivors (33792K)
 Metaspace       used 145350K, committed 150272K, reserved 1179648K
  class space    used 19295K, committed 21120K, reserved 1048576K
}
Event: 9354.216 GC heap before
{Heap before GC invocations=68 (full 0):
 garbage-first heap   total 458752K, used 420822K [0x0000000080000000, 0x0000000100000000)
  region size 1024K, 268 young (274432K), 33 survivors (33792K)
 Metaspace       used 146462K, committed 150272K, reserved 1179648K
  class space    used 19317K, committed 21120K, reserved 1048576K
}
Event: 9354.235 GC heap after
{Heap after GC invocations=69 (full 0):
 garbage-first heap   total 458752K, used 138830K [0x0000000080000000, 0x0000000100000000)
  region size 1024K, 9 young (9216K), 9 survivors (9216K)
 Metaspace       used 146462K, committed 150272K, reserved 1179648K
  class space    used 19317K, committed 21120K, reserved 1048576K
}
Event: 9354.238 GC heap before
{Heap before GC invocations=69 (full 0):
 garbage-first heap   total 458752K, used 138830K [0x0000000080000000, 0x0000000100000000)
  region size 1024K, 10 young (10240K), 9 survivors (9216K)
 Metaspace       used 146462K, committed 150272K, reserved 1179648K
  class space    used 19317K, committed 21120K, reserved 1048576K
}
Event: 9354.242 GC heap after
{Heap after GC invocations=70 (full 0):
 garbage-first heap   total 458752K, used 134877K [0x0000000080000000, 0x0000000100000000)
  region size 1024K, 7 young (7168K), 7 survivors (7168K)
 Metaspace       used 146462K, committed 150272K, reserved 1179648K
  class space    used 19317K, committed 21120K, reserved 1048576K
}
Event: 9530.113 GC heap before
{Heap before GC invocations=71 (full 0):
 garbage-first heap   total 471040K, used 468701K [0x0000000080000000, 0x0000000100000000)
  region size 1024K, 222 young (227328K), 7 survivors (7168K)
 Metaspace       used 146880K, committed 150080K, reserved 1179648K
  class space    used 19411K, committed 21120K, reserved 1048576K
}
Event: 9530.118 GC heap after
{Heap after GC invocations=72 (full 0):
 garbage-first heap   total 477184K, used 133760K [0x0000000080000000, 0x0000000100000000)
  region size 1024K, 6 young (6144K), 6 survivors (6144K)
 Metaspace       used 146880K, committed 150080K, reserved 1179648K
  class space    used 19411K, committed 21120K, reserved 1048576K
}
Event: 9549.470 GC heap before
{Heap before GC invocations=72 (full 0):
 garbage-first heap   total 477184K, used 474752K [0x0000000080000000, 0x0000000100000000)
  region size 1024K, 267 young (273408K), 6 survivors (6144K)
 Metaspace       used 147070K, committed 150080K, reserved 1179648K
  class space    used 19417K, committed 21120K, reserved 1048576K
}
Event: 9549.491 GC heap after
{Heap after GC invocations=73 (full 0):
 garbage-first heap   total 503808K, used 144528K [0x0000000080000000, 0x0000000100000000)
  region size 1024K, 21 young (21504K), 21 survivors (21504K)
 Metaspace       used 147070K, committed 150080K, reserved 1179648K
  class space    used 19417K, committed 21120K, reserved 1048576K
}
Event: 9549.564 GC heap before
{Heap before GC invocations=73 (full 0):
 garbage-first heap   total 503808K, used 177296K [0x0000000080000000, 0x0000000100000000)
  region size 1024K, 54 young (55296K), 21 survivors (21504K)
 Metaspace       used 147079K, committed 150080K, reserved 1179648K
  class space    used 19417K, committed 21120K, reserved 1048576K
}
Event: 9549.580 GC heap after
{Heap after GC invocations=74 (full 0):
 garbage-first heap   total 503808K, used 163323K [0x0000000080000000, 0x0000000100000000)
  region size 1024K, 37 young (37888K), 37 survivors (37888K)
 Metaspace       used 147079K, committed 150080K, reserved 1179648K
  class space    used 19417K, committed 21120K, reserved 1048576K
}
Event: 9618.147 GC heap before
{Heap before GC invocations=75 (full 0):
 garbage-first heap   total 503808K, used 406011K [0x0000000080000000, 0x0000000100000000)
  region size 1024K, 205 young (209920K), 37 survivors (37888K)
 Metaspace       used 147252K, committed 150080K, reserved 1179648K
  class space    used 19420K, committed 21120K, reserved 1048576K
}
Event: 9618.163 GC heap after
{Heap after GC invocations=76 (full 0):
 garbage-first heap   total 503808K, used 155697K [0x0000000080000000, 0x0000000100000000)
  region size 1024K, 26 young (26624K), 26 survivors (26624K)
 Metaspace       used 147252K, committed 150080K, reserved 1179648K
  class space    used 19420K, committed 21120K, reserved 1048576K
}
Event: 9619.419 GC heap before
{Heap before GC invocations=76 (full 0):
 garbage-first heap   total 503808K, used 373809K [0x0000000080000000, 0x0000000100000000)
  region size 1024K, 207 young (211968K), 26 survivors (26624K)
 Metaspace       used 147812K, committed 150272K, reserved 1179648K
  class space    used 19444K, committed 21120K, reserved 1048576K
}
Event: 9619.444 GC heap after
{Heap after GC invocations=77 (full 0):
 garbage-first heap   total 503808K, used 149997K [0x0000000080000000, 0x0000000100000000)
  region size 1024K, 14 young (14336K), 14 survivors (14336K)
 Metaspace       used 147812K, committed 150272K, reserved 1179648K
  class space    used 19444K, committed 21120K, reserved 1048576K
}
Event: 9619.554 GC heap before
{Heap before GC invocations=77 (full 0):
 garbage-first heap   total 503808K, used 188909K [0x0000000080000000, 0x0000000100000000)
  region size 1024K, 54 young (55296K), 14 survivors (14336K)
 Metaspace       used 147850K, committed 150272K, reserved 1179648K
  class space    used 19444K, committed 21120K, reserved 1048576K
}
Event: 9619.560 GC heap after
{Heap after GC invocations=78 (full 0):
 garbage-first heap   total 503808K, used 144984K [0x0000000080000000, 0x0000000100000000)
  region size 1024K, 11 young (11264K), 11 survivors (11264K)
 Metaspace       used 147850K, committed 150272K, reserved 1179648K
  class space    used 19444K, committed 21120K, reserved 1048576K
}

